Build started 04/07/2014 01:42:40.
     1>Project "C:\Users\gareth\Documents\Visual Studio 2010\Projects\Ant4\ants4\Ant4.vcxproj" on node 2 (build target(s)).
     1>InitializeBuildStatus:
         Creating "Debug\Ant4.unsuccessfulbuild" because "AlwaysCreate" was specified.
       ClCompile:
         c:\Program Files (x86)\Microsoft Visual Studio 10.0\VC\bin\CL.exe /c /ZI /nologo /W3 /WX- /Od /Oy- /D WIN32 /D _DEBUG /D _CONSOLE /D _UNICODE /D UNICODE /Gm /EHsc /RTC1 /MDd /GS /fp:precise /Zc:wchar_t /Zc:forScope /Yc"StdAfx.h" /Fp"Debug\Ant4.pch" /Fo"Debug\\" /Fd"Debug\vc100.pdb" /Gd /TP /analyze- /errorReport:prompt stdafx.cpp
         stdafx.cpp
         c:\Program Files (x86)\Microsoft Visual Studio 10.0\VC\bin\CL.exe /c /ZI /nologo /W3 /WX- /Od /Oy- /D WIN32 /D _DEBUG /D _CONSOLE /D _UNICODE /D UNICODE /Gm /EHsc /RTC1 /MDd /GS /fp:precise /Zc:wchar_t /Zc:forScope /Yu"StdAfx.h" /Fp"Debug\Ant4.pch" /Fo"Debug\\" /Fd"Debug\vc100.pdb" /Gd /TP /analyze- /errorReport:prompt Ant4.cpp FileReader.cpp
         FileReader.cpp
     1>c:\users\gareth\documents\visual studio 2010\projects\ant4\ants4\filereader.cpp(86): warning C4018: '<' : signed/unsigned mismatch
     1>c:\users\gareth\documents\visual studio 2010\projects\ant4\ants4\filereader.cpp(70): warning C4101: 'i' : unreferenced local variable
         Ant4.cpp
     1>c:\users\gareth\documents\visual studio 2010\projects\ant4\ants4\ant4.cpp(87): warning C4018: '<' : signed/unsigned mismatch
     1>c:\users\gareth\documents\visual studio 2010\projects\ant4\ants4\ant4.cpp(107): warning C4018: '<' : signed/unsigned mismatch
     1>c:\users\gareth\documents\visual studio 2010\projects\ant4\ants4\ant4.cpp(121): warning C4018: '<' : signed/unsigned mismatch
     1>c:\users\gareth\documents\visual studio 2010\projects\ant4\ants4\ant4.cpp(203): warning C4101: 'd' : unreferenced local variable
     1>c:\users\gareth\documents\visual studio 2010\projects\ant4\ants4\ant4.cpp(437): warning C4244: '=' : conversion from 'double' to 'int', possible loss of data
     1>c:\users\gareth\documents\visual studio 2010\projects\ant4\ants4\ant4.cpp(452): warning C4101: 'help' : unreferenced local variable
     1>c:\users\gareth\documents\visual studio 2010\projects\ant4\ants4\ant4.cpp(465): warning C4018: '<' : signed/unsigned mismatch
     1>c:\users\gareth\documents\visual studio 2010\projects\ant4\ants4\ant4.cpp(529): warning C4101: 'd' : unreferenced local variable
     1>c:\users\gareth\documents\visual studio 2010\projects\ant4\ants4\ant4.cpp(736): warning C4244: 'argument' : conversion from 'double' to 'unsigned int', possible loss of data
     1>c:\users\gareth\documents\visual studio 2010\projects\ant4\ants4\ant4.cpp(737): warning C4244: 'argument' : conversion from 'double' to 'unsigned int', possible loss of data
     1>c:\users\gareth\documents\visual studio 2010\projects\ant4\ants4\ant4.cpp(742): warning C4244: 'argument' : conversion from 'double' to 'unsigned int', possible loss of data
     1>c:\users\gareth\documents\visual studio 2010\projects\ant4\ants4\ant4.cpp(743): warning C4244: 'argument' : conversion from 'double' to 'unsigned int', possible loss of data
     1>c:\users\gareth\documents\visual studio 2010\projects\ant4\ants4\ant4.cpp(744): warning C4244: 'argument' : conversion from 'double' to 'unsigned int', possible loss of data
     1>c:\users\gareth\documents\visual studio 2010\projects\ant4\ants4\ant4.cpp(745): warning C4244: 'argument' : conversion from 'double' to 'unsigned int', possible loss of data
     1>c:\users\gareth\documents\visual studio 2010\projects\ant4\ants4\ant4.cpp(750): warning C4244: 'argument' : conversion from 'double' to 'unsigned int', possible loss of data
         Generating Code...
       Link:
         c:\Program Files (x86)\Microsoft Visual Studio 10.0\VC\bin\link.exe /ERRORREPORT:PROMPT /OUT:"C:\Users\gareth\Documents\Visual Studio 2010\Projects\Ant4\ants4\Debug\Ant4.exe" /INCREMENTAL:NO /NOLOGO kernel32.lib user32.lib gdi32.lib winspool.lib comdlg32.lib advapi32.lib shell32.lib ole32.lib oleaut32.lib uuid.lib odbc32.lib odbccp32.lib /MANIFEST /ManifestFile:"Debug\Ant4.exe.intermediate.manifest" /MANIFESTUAC:"level='asInvoker' uiAccess='false'" /DEBUG /PDB:"C:\Users\gareth\Documents\Visual Studio 2010\Projects\Ant4\ants4\Debug\Ant4.pdb" /SUBSYSTEM:CONSOLE /TLBID:1 /DYNAMICBASE /NXCOMPAT /IMPLIB:"C:\Users\gareth\Documents\Visual Studio 2010\Projects\Ant4\ants4\Debug\Ant4.lib" /MACHINE:X86 Debug\Ant4.obj
         Debug\FileReader.obj
         Debug\stdafx.obj
     1>Ant4.obj : warning LNK4075: ignoring '/EDITANDCONTINUE' due to '/INCREMENTAL:NO' specification
         Ant4.vcxproj -> C:\Users\gareth\Documents\Visual Studio 2010\Projects\Ant4\ants4\Debug\Ant4.exe
       Manifest:
         C:\Program Files (x86)\Microsoft SDKs\Windows\v7.0A\bin\mt.exe /nologo /verbose /outputresource:"C:\Users\gareth\Documents\Visual Studio 2010\Projects\Ant4\ants4\Debug\Ant4.exe;#1" /manifest Debug\Ant4.exe.intermediate.manifest
       FinalizeBuildStatus:
         Deleting file "Debug\Ant4.unsuccessfulbuild".
         Touching "Debug\Ant4.lastbuildstate".
     1>Done Building Project "C:\Users\gareth\Documents\Visual Studio 2010\Projects\Ant4\ants4\Ant4.vcxproj" (build target(s)).

Build succeeded.

Time Elapsed 00:00:05.46
