Build started 28/06/2014 00:41:36.
     1>Project "C:\Users\gareth\Documents\Visual Studio 2010\Projects\Ant4\Ant4\Ant4.vcxproj" on node 2 (build target(s)).
     1>InitializeBuildStatus:
         Touching "Release\Ant4.unsuccessfulbuild".
       ClCompile:
         All outputs are up-to-date.
         c:\Program Files (x86)\Microsoft Visual Studio 10.0\VC\bin\CL.exe /c /Zi /nologo /W3 /WX- /O2 /Oi /Oy- /GL /D WIN32 /D NDEBUG /D _CONSOLE /D _UNICODE /D UNICODE /Gm- /EHsc /MD /GS /Gy /fp:precise /Zc:wchar_t /Zc:forScope /Yu"StdAfx.h" /Fp"Release\Ant4.pch" /Fo"Release\\" /Fd"Release\vc100.pdb" /Gd /TP /analyze- /errorReport:prompt Ant4.cpp
         Ant4.cpp
     1>Ant4.cpp(58): warning C4101: 'city' : unreferenced local variable
     1>Ant4.cpp(134): warning C4101: 'd' : unreferenced local variable
       Link:
         c:\Program Files (x86)\Microsoft Visual Studio 10.0\VC\bin\link.exe /ERRORREPORT:PROMPT /OUT:"C:\Users\gareth\Documents\Visual Studio 2010\Projects\Ant4\Release\Ant4.exe" /INCREMENTAL:NO /NOLOGO kernel32.lib user32.lib gdi32.lib winspool.lib comdlg32.lib advapi32.lib shell32.lib ole32.lib oleaut32.lib uuid.lib odbc32.lib odbccp32.lib /MANIFEST /ManifestFile:"Release\Ant4.exe.intermediate.manifest" /MANIFESTUAC:"level='asInvoker' uiAccess='false'" /DEBUG /PDB:"C:\Users\gareth\Documents\Visual Studio 2010\Projects\Ant4\Release\Ant4.pdb" /SUBSYSTEM:CONSOLE /OPT:REF /OPT:ICF /LTCG /TLBID:1 /DYNAMICBASE /NXCOMPAT /IMPLIB:"C:\Users\gareth\Documents\Visual Studio 2010\Projects\Ant4\Release\Ant4.lib" /MACHINE:X86 Release\Ant4.obj
         Release\FileReader.obj
         Release\stdafx.obj
         Generating code
         Finished generating code
         Ant4.vcxproj -> C:\Users\gareth\Documents\Visual Studio 2010\Projects\Ant4\Release\Ant4.exe
       Manifest:
         C:\Program Files (x86)\Microsoft SDKs\Windows\v7.0A\bin\mt.exe /nologo /verbose /outputresource:"C:\Users\gareth\Documents\Visual Studio 2010\Projects\Ant4\Release\Ant4.exe;#1" /manifest Release\Ant4.exe.intermediate.manifest
       FinalizeBuildStatus:
         Deleting file "Release\Ant4.unsuccessfulbuild".
         Touching "Release\Ant4.lastbuildstate".
     1>Done Building Project "C:\Users\gareth\Documents\Visual Studio 2010\Projects\Ant4\Ant4\Ant4.vcxproj" (build target(s)).

Build succeeded.

Time Elapsed 00:00:02.96
